0 info it worked if it ends with ok
1 verbose cli [ 'node', '/usr/local/bin/npm', 'install', '-save', 'path' ]
2 info using npm@1.4.28
3 info using node@v0.10.36
4 verbose readDependencies using package.json deps
5 verbose cache add [ 'path', null ]
6 verbose cache add name=undefined spec="path" args=["path",null]
7 verbose parsed url { protocol: null,
7 verbose parsed url   slashes: null,
7 verbose parsed url   auth: null,
7 verbose parsed url   host: null,
7 verbose parsed url   port: null,
7 verbose parsed url   hostname: null,
7 verbose parsed url   hash: null,
7 verbose parsed url   search: null,
7 verbose parsed url   query: null,
7 verbose parsed url   pathname: 'path',
7 verbose parsed url   path: 'path',
7 verbose parsed url   href: 'path' }
8 silly lockFile 3150ecd5-path path
9 verbose lock path /Users/kanakoabe/.npm/3150ecd5-path.lock
10 silly lockFile 3150ecd5-path path
11 silly lockFile 3150ecd5-path path
12 verbose addNamed [ 'path', '' ]
13 verbose addNamed [ null, '*' ]
14 silly lockFile 9741fa74-path path@
15 verbose lock path@ /Users/kanakoabe/.npm/9741fa74-path.lock
16 silly addNameRange { name: 'path', range: '*', hasData: false }
17 verbose request where is /path
18 verbose request registry https://registry.npmjs.org/
19 verbose request id 414c280f62300ddd
20 verbose url raw /path
21 verbose url resolving [ 'https://registry.npmjs.org/', './path' ]
22 verbose url resolved https://registry.npmjs.org/path
23 verbose request where is https://registry.npmjs.org/path
24 info trying registry request attempt 1 at 17:47:28
25 http GET https://registry.npmjs.org/path
26 info retry will retry, error on last attempt: Error: getaddrinfo ENOTFOUND
27 info trying registry request attempt 2 at 17:47:38
28 http GET https://registry.npmjs.org/path
29 info retry will retry, error on last attempt: Error: getaddrinfo ENOTFOUND
30 info trying registry request attempt 3 at 17:48:38
31 http GET https://registry.npmjs.org/path
32 silly lockFile 9741fa74-path path@
33 silly lockFile 9741fa74-path path@
34 error network getaddrinfo ENOTFOUND
34 error network This is most likely not a problem with npm itself
34 error network and is related to network connectivity.
34 error network In most cases you are behind a proxy or have bad network settings.
34 error network
34 error network If you are behind a proxy, please make sure that the
34 error network 'proxy' config is set properly.  See: 'npm help config'
35 error System Darwin 14.0.0
36 error command "node" "/usr/local/bin/npm" "install" "-save" "path"
37 error cwd /Users/kanakoabe/Development/soulmates
38 error node -v v0.10.36
39 error npm -v 1.4.28
40 error syscall getaddrinfo
41 error code ENOTFOUND
42 error errno ENOTFOUND
43 verbose exit [ 1, true ]
